<?xml version="1.0" encoding="UTF-8"?>
<!-- Generated by org.testng.reporters.JUnitReportReporter -->
<testsuite hostname="suba-pc" failures="0" tests="2" name="testclasses.MainTestClass" time="11.893" errors="0" timestamp="2023-12-08T10:02:19 EST" skipped="0">
  <testcase classname="testclasses.MainTestClass" name="test1" time="0.948"/>
  <system-out/>
  <testcase classname="testclasses.MainTestClass" name="paginationTest" time="10.945"/>
  <system-out/>
</testsuite> <!-- testclasses.MainTestClass -->
